<?xml version="1.0" encoding="UTF-8"?>
<!-- Generated by org.testng.reporters.JUnitReportReporter -->
<testsuite hostname="DESKTOP-L24NCKJ" failures="0" tests="1" name="testng.attributies.TimeOut" time="4.032" errors="1" timestamp="15 Jun 2024 05:42:56 GMT" skipped="0">
  <testcase classname="testng.attributies.TimeOut" name="jpetLogin" time="4.032">
    <error message="Method testng.attributies.TimeOut.jpetLogin() didn&#039;t finish within the time-out 4000" type="org.testng.internal.thread.ThreadTimeoutException">
      <![CDATA[org.testng.internal.thread.ThreadTimeoutException: Method testng.attributies.TimeOut.jpetLogin() didn't finish within the time-out 4000
at app//org.openqa.selenium.remote.RemoteWebDriver.execute(RemoteWebDriver.java:546)
at app//org.openqa.selenium.remote.RemoteWebElement.execute(RemoteWebElement.java:223)
at app//org.openqa.selenium.remote.RemoteWebElement.click(RemoteWebElement.java:76)
at app//testng.attributies.TimeOut.jpetLogin(TimeOut.java:17)
at java.base@17.0.7/jdk.internal.reflect.NativeMethodAccessorImpl.invoke0(Native Method)
at java.base@17.0.7/jdk.internal.reflect.NativeMethodAccessorImpl.invoke(NativeMethodAccessorImpl.java:77)
at java.base@17.0.7/jdk.internal.reflect.DelegatingMethodAccessorImpl.invoke(DelegatingMethodAccessorImpl.java:43)
at java.base@17.0.7/java.lang.reflect.Method.invoke(Method.java:568)
at app//org.testng.internal.MethodInvocationHelper.invokeMethod(MethodInvocationHelper.java:124)
at app//org.testng.internal.InvokeMethodRunnable.runOne(InvokeMethodRunnable.java:54)
at app//org.testng.internal.InvokeMethodRunnable.run(InvokeMethodRunnable.java:44)
at java.base@17.0.7/java.util.concurrent.Executors$RunnableAdapter.call(Executors.java:539)
at java.base@17.0.7/java.util.concurrent.FutureTask.run(FutureTask.java:264)
at java.base@17.0.7/java.util.concurrent.ThreadPoolExecutor.runWorker(ThreadPoolExecutor.java:1136)
at java.base@17.0.7/java.util.concurrent.ThreadPoolExecutor$Worker.run(ThreadPoolExecutor.java:635)
at java.base@17.0.7/java.lang.Thread.run(Thread.java:833)
]]>
    </error>
  </testcase> <!-- jpetLogin -->
</testsuite> <!-- testng.attributies.TimeOut -->
