<?xml version="1.0" encoding="UTF-8"?>
<!-- Generated by org.testng.reporters.JUnitReportReporter -->
<testsuite hostname="DESKTOP-L24NCKJ" failures="0" tests="1" name="testng.attributies.InvocationCountAndTimeOut" time="10.034" errors="1" timestamp="15 Jun 2024 05:48:54 GMT" skipped="0">
  <testcase classname="testng.attributies.InvocationCountAndTimeOut" name="jpetLogin" time="10.034">
    <error message="Method testng.attributies.InvocationCountAndTimeOut.jpetLogin() didn&#039;t finish within the time-out 10000" type="org.testng.internal.thread.ThreadTimeoutException">
      <![CDATA[org.testng.internal.thread.ThreadTimeoutException: Method testng.attributies.InvocationCountAndTimeOut.jpetLogin() didn't finish within the time-out 10000
at app//org.openqa.selenium.SharedCapabilitiesMethods.abbreviate(SharedCapabilitiesMethods.java:111)
at app//org.openqa.selenium.SharedCapabilitiesMethods.toString(SharedCapabilitiesMethods.java:84)
at app//org.openqa.selenium.ImmutableCapabilities.toString(ImmutableCapabilities.java:184)
at app//org.openqa.selenium.remote.RemoteWebDriver.populateWebDriverException(RemoteWebDriver.java:587)
at app//org.openqa.selenium.remote.RemoteWebDriver.execute(RemoteWebDriver.java:550)
at app//org.openqa.selenium.remote.RemoteWebElement.execute(RemoteWebElement.java:223)
at app//org.openqa.selenium.remote.RemoteWebElement.sendKeys(RemoteWebElement.java:110)
at app//testng.attributies.InvocationCountAndTimeOut.jpetLogin(InvocationCountAndTimeOut.java:16)
at java.base@17.0.7/jdk.internal.reflect.NativeMethodAccessorImpl.invoke0(Native Method)
at java.base@17.0.7/jdk.internal.reflect.NativeMethodAccessorImpl.invoke(NativeMethodAccessorImpl.java:77)
at java.base@17.0.7/jdk.internal.reflect.DelegatingMethodAccessorImpl.invoke(DelegatingMethodAccessorImpl.java:43)
at java.base@17.0.7/java.lang.reflect.Method.invoke(Method.java:568)
at app//org.testng.internal.MethodInvocationHelper.invokeMethod(MethodInvocationHelper.java:124)
at app//org.testng.internal.InvokeMethodRunnable.runOne(InvokeMethodRunnable.java:54)
at app//org.testng.internal.InvokeMethodRunnable.run(InvokeMethodRunnable.java:40)
at java.base@17.0.7/java.util.concurrent.Executors$RunnableAdapter.call(Executors.java:539)
at java.base@17.0.7/java.util.concurrent.FutureTask.run(FutureTask.java:264)
at java.base@17.0.7/java.util.concurrent.ThreadPoolExecutor.runWorker(ThreadPoolExecutor.java:1136)
at java.base@17.0.7/java.util.concurrent.ThreadPoolExecutor$Worker.run(ThreadPoolExecutor.java:635)
at java.base@17.0.7/java.lang.Thread.run(Thread.java:833)
]]>
    </error>
  </testcase> <!-- jpetLogin -->
</testsuite> <!-- testng.attributies.InvocationCountAndTimeOut -->
